<?xml version="1.0" encoding="UTF-8"?>
<!-- Generated by org.testng.reporters.JUnitXMLReporter -->
<testsuite ignored="0" hostname="vivobook-asuslaptop-x512flc-x512fl" failures="0" tests="10" name="Default test" time="193.591" errors="0" timestamp="2024-01-04T16:11:28 IST">
  <testcase classname="com.test.Dashboard.demotest1" name="login" time="17.803"/>
  <testcase classname="com.test.Dashboard.demotest1" name="competitions" time="3.324"/>
  <testcase classname="com.test.Dashboard.demotest1" name="hostCompetitions" time="35.963"/>
  <testcase classname="com.test.Dashboard.demotest1" name="datasets" time="2.013"/>
  <testcase classname="com.test.Dashboard.demotest1" name="addDataset" time="38.24"/>
  <testcase classname="com.test.Dashboard.demotest1" name="viewer" time="36.996"/>
  <testcase classname="com.test.Dashboard.demotest1" name="competitions_2" time="4.253"/>
  <testcase classname="com.test.Dashboard.demotest1" name="associateData" time="21.876"/>
  <testcase classname="com.test.Dashboard.demotest1" name="addCode" time="16.116"/>
  <testcase classname="com.test.Dashboard.demotest1" name="associateCode" time="16.147"/>
</testsuite> <!-- Default test -->
