<?xml version="1.0" encoding="UTF-8"?>
<testng-results ignored="0" total="10" passed="10" failed="0" skipped="0">
  <reporter-output>
  </reporter-output>
  <suite started-at="2024-01-04T16:08:14 IST" name="Default suite" finished-at="2024-01-04T16:11:27 IST" duration-ms="193591">
    <groups>
    </groups>
    <test started-at="2024-01-04T16:08:14 IST" name="Default test" finished-at="2024-01-04T16:11:27 IST" duration-ms="193591">
      <class name="com.test.Dashboard.demotest1">
        <test-method is-config="true" signature="setup()[pri:0, instance:com.test.Dashboard.demotest1@1e04fa0a]" started-at="2024-01-04T16:08:14 IST" name="setup" finished-at="2024-01-04T16:08:15 IST" duration-ms="721" status="PASS">
          <reporter-output>
          </reporter-output>
        </test-method> <!-- setup -->
        <test-method signature="login()[pri:1, instance:com.test.Dashboard.demotest1@1e04fa0a]" started-at="2024-01-04T16:08:15 IST" name="login" finished-at="2024-01-04T16:08:32 IST" duration-ms="17803" status="PASS">
          <reporter-output>
          </reporter-output>
        </test-method> <!-- login -->
        <test-method signature="competitions()[pri:2, instance:com.test.Dashboard.demotest1@1e04fa0a]" started-at="2024-01-04T16:08:32 IST" name="competitions" finished-at="2024-01-04T16:08:36 IST" duration-ms="3324" status="PASS">
          <reporter-output>
          </reporter-output>
        </test-method> <!-- competitions -->
        <test-method signature="hostCompetitions()[pri:3, instance:com.test.Dashboard.demotest1@1e04fa0a]" started-at="2024-01-04T16:08:36 IST" name="hostCompetitions" finished-at="2024-01-04T16:09:12 IST" duration-ms="35963" status="PASS">
          <reporter-output>
          </reporter-output>
        </test-method> <!-- hostCompetitions -->
        <test-method signature="datasets()[pri:4, instance:com.test.Dashboard.demotest1@1e04fa0a]" started-at="2024-01-04T16:09:12 IST" name="datasets" finished-at="2024-01-04T16:09:14 IST" duration-ms="2013" status="PASS">
          <reporter-output>
          </reporter-output>
        </test-method> <!-- datasets -->
        <test-method signature="addDataset()[pri:5, instance:com.test.Dashboard.demotest1@1e04fa0a]" started-at="2024-01-04T16:09:14 IST" name="addDataset" finished-at="2024-01-04T16:09:52 IST" duration-ms="38240" status="PASS">
          <reporter-output>
          </reporter-output>
        </test-method> <!-- addDataset -->
        <test-method signature="viewer()[pri:6, instance:com.test.Dashboard.demotest1@1e04fa0a]" started-at="2024-01-04T16:09:52 IST" name="viewer" finished-at="2024-01-04T16:10:29 IST" duration-ms="36996" status="PASS">
          <reporter-output>
          </reporter-output>
        </test-method> <!-- viewer -->
        <test-method signature="competitions_2()[pri:7, instance:com.test.Dashboard.demotest1@1e04fa0a]" started-at="2024-01-04T16:10:29 IST" name="competitions_2" finished-at="2024-01-04T16:10:33 IST" duration-ms="4253" status="PASS">
          <reporter-output>
          </reporter-output>
        </test-method> <!-- competitions_2 -->
        <test-method signature="associateData()[pri:8, instance:com.test.Dashboard.demotest1@1e04fa0a]" started-at="2024-01-04T16:10:33 IST" name="associateData" finished-at="2024-01-04T16:10:55 IST" duration-ms="21876" status="PASS">
          <reporter-output>
          </reporter-output>
        </test-method> <!-- associateData -->
        <test-method signature="addCode()[pri:9, instance:com.test.Dashboard.demotest1@1e04fa0a]" started-at="2024-01-04T16:10:55 IST" name="addCode" finished-at="2024-01-04T16:11:11 IST" duration-ms="16116" status="PASS">
          <reporter-output>
          </reporter-output>
        </test-method> <!-- addCode -->
        <test-method signature="associateCode()[pri:10, instance:com.test.Dashboard.demotest1@1e04fa0a]" started-at="2024-01-04T16:11:11 IST" name="associateCode" finished-at="2024-01-04T16:11:27 IST" duration-ms="16147" status="PASS">
          <reporter-output>
          </reporter-output>
        </test-method> <!-- associateCode -->
        <test-method is-config="true" signature="afterTest()[pri:0, instance:com.test.Dashboard.demotest1@1e04fa0a]" started-at="2024-01-04T16:11:27 IST" name="afterTest" finished-at="2024-01-04T16:11:27 IST" duration-ms="109" status="PASS">
          <reporter-output>
          </reporter-output>
        </test-method> <!-- afterTest -->
      </class> <!-- com.test.Dashboard.demotest1 -->
    </test> <!-- Default test -->
  </suite> <!-- Default suite -->
</testng-results>
